Start testing: Apr 10 17:52 CEST
----------------------------------------------------------
1/9 Testing: Test_vectors_default
1/9 Test: Test_vectors_default
Command: "/home/nuss/91/bt717591/PNLA_Stefan/build/tests/test_vectors"
Directory: /home/nuss/91/bt717591/PNLA_Stefan/build/tests
"Test_vectors_default" start time: Apr 10 17:52 CEST
Output:
----------------------------------------------------------
Testing Sequential Vectors
The time taken in microseconds: 8
All sequential tests passed
Testing Parallel Vectors
The time taken in microseconds: 6013
All parallel tests passed
<end of output>
Test time =   0.01 sec
----------------------------------------------------------
Test Passed.
"Test_vectors_default" end time: Apr 10 17:52 CEST
"Test_vectors_default" time elapsed: 00:00:00
----------------------------------------------------------

2/9 Testing: Test_matrix_default
2/9 Test: Test_matrix_default
Command: "/home/nuss/91/bt717591/PNLA_Stefan/build/tests/test_matrix"
Directory: /home/nuss/91/bt717591/PNLA_Stefan/build/tests
"Test_matrix_default" start time: Apr 10 17:52 CEST
Output:
----------------------------------------------------------
Test Sequential Matrix
The time taken in microseconds: 1
All sequential tests passed
Test Parallel Matrix
The time taken in microseconds: 23
All sequential tests passed
<end of output>
Test time =   0.00 sec
----------------------------------------------------------
Test Passed.
"Test_matrix_default" end time: Apr 10 17:52 CEST
"Test_matrix_default" time elapsed: 00:00:00
----------------------------------------------------------

3/9 Testing: Test_pcg_default
3/9 Test: Test_pcg_default
Command: "/home/nuss/91/bt717591/PNLA_Stefan/build/tests/test_pcg"
Directory: /home/nuss/91/bt717591/PNLA_Stefan/build/tests
"Test_pcg_default" start time: Apr 10 17:52 CEST
Output:
----------------------------------------------------------
Test PCG with sequential implementations
The number of points is: 10
The norm of Ax-b is: 7.11078e-15
The number of iterations taken: 44
The time taken in milliseconds: 0
All sequential tests passed
Test PCG with parallel implementations
The number of points is: 10
The norm of Ax-b is: 8.74271e-15
The number of iterations taken: 44
The time taken in milliseconds: 2
All parallel tests passed
<end of output>
Test time =   0.01 sec
----------------------------------------------------------
Test Passed.
"Test_pcg_default" end time: Apr 10 17:52 CEST
"Test_pcg_default" time elapsed: 00:00:00
----------------------------------------------------------

4/9 Testing: Test_vectors_dim_10000
4/9 Test: Test_vectors_dim_10000
Command: "/home/nuss/91/bt717591/PNLA_Stefan/build/tests/test_vectors" "10000"
Directory: /home/nuss/91/bt717591/PNLA_Stefan/build/tests
"Test_vectors_dim_10000" start time: Apr 10 17:52 CEST
Output:
----------------------------------------------------------
Testing Sequential Vectors
The time taken in microseconds: 452
All sequential tests passed
Testing Parallel Vectors
The time taken in microseconds: 11713
All parallel tests passed
<end of output>
Test time =   0.01 sec
----------------------------------------------------------
Test Passed.
"Test_vectors_dim_10000" end time: Apr 10 17:52 CEST
"Test_vectors_dim_10000" time elapsed: 00:00:00
----------------------------------------------------------

5/9 Testing: Test_matrix_dim_100
5/9 Test: Test_matrix_dim_100
Command: "/home/nuss/91/bt717591/PNLA_Stefan/build/tests/test_matrix" "100"
Directory: /home/nuss/91/bt717591/PNLA_Stefan/build/tests
"Test_matrix_dim_100" start time: Apr 10 17:52 CEST
Output:
----------------------------------------------------------
Test Sequential Matrix
The time taken in microseconds: 107
All sequential tests passed
Test Parallel Matrix
The time taken in microseconds: 39
All sequential tests passed
<end of output>
Test time =   0.02 sec
----------------------------------------------------------
Test Passed.
"Test_matrix_dim_100" end time: Apr 10 17:52 CEST
"Test_matrix_dim_100" time elapsed: 00:00:00
----------------------------------------------------------

6/9 Testing: Test_pcg_dim_100
6/9 Test: Test_pcg_dim_100
Command: "/home/nuss/91/bt717591/PNLA_Stefan/build/tests/test_pcg" "100"
Directory: /home/nuss/91/bt717591/PNLA_Stefan/build/tests
"Test_pcg_dim_100" start time: Apr 10 17:52 CEST
Output:
----------------------------------------------------------
Test PCG with sequential implementations
The number of points is: 100
The norm of Ax-b is: 1.82541e-13
The number of iterations taken: 423
The time taken in milliseconds: 46
All sequential tests passed
Test PCG with parallel implementations
The number of points is: 100
The norm of Ax-b is: 1.82074e-13
The number of iterations taken: 423
The time taken in milliseconds: 23
All parallel tests passed
<end of output>
Test time =   0.09 sec
----------------------------------------------------------
Test Passed.
"Test_pcg_dim_100" end time: Apr 10 17:52 CEST
"Test_pcg_dim_100" time elapsed: 00:00:00
----------------------------------------------------------

7/9 Testing: Test_vectors_dim_40000
7/9 Test: Test_vectors_dim_40000
Command: "/home/nuss/91/bt717591/PNLA_Stefan/build/tests/test_vectors" "40000"
Directory: /home/nuss/91/bt717591/PNLA_Stefan/build/tests
"Test_vectors_dim_40000" start time: Apr 10 17:52 CEST
Output:
----------------------------------------------------------
Testing Sequential Vectors
The time taken in microseconds: 1645
All sequential tests passed
Testing Parallel Vectors
The time taken in microseconds: 14755
All parallel tests passed
<end of output>
Test time =   0.02 sec
----------------------------------------------------------
Test Passed.
"Test_vectors_dim_40000" end time: Apr 10 17:52 CEST
"Test_vectors_dim_40000" time elapsed: 00:00:00
----------------------------------------------------------

8/9 Testing: Test_matrix_dim_200
8/9 Test: Test_matrix_dim_200
Command: "/home/nuss/91/bt717591/PNLA_Stefan/build/tests/test_matrix" "200"
Directory: /home/nuss/91/bt717591/PNLA_Stefan/build/tests
"Test_matrix_dim_200" start time: Apr 10 17:52 CEST
Output:
----------------------------------------------------------
Test Sequential Matrix
The time taken in microseconds: 357
All sequential tests passed
Test Parallel Matrix
The time taken in microseconds: 116
All sequential tests passed
<end of output>
Test time =   0.01 sec
----------------------------------------------------------
Test Passed.
"Test_matrix_dim_200" end time: Apr 10 17:52 CEST
"Test_matrix_dim_200" time elapsed: 00:00:00
----------------------------------------------------------

9/9 Testing: Test_pcg_dim_200
9/9 Test: Test_pcg_dim_200
Command: "/home/nuss/91/bt717591/PNLA_Stefan/build/tests/test_pcg" "200"
Directory: /home/nuss/91/bt717591/PNLA_Stefan/build/tests
"Test_pcg_dim_200" start time: Apr 10 17:52 CEST
Output:
----------------------------------------------------------
Test PCG with sequential implementations
The number of points is: 200
The norm of Ax-b is: 4.98968e-13
The number of iterations taken: 820
The time taken in milliseconds: 379
All sequential tests passed
Test PCG with parallel implementations
The number of points is: 200
The norm of Ax-b is: 5.03378e-13
The number of iterations taken: 820
The time taken in milliseconds: 122
All parallel tests passed
<end of output>
Test time =   0.52 sec
----------------------------------------------------------
Test Passed.
"Test_pcg_dim_200" end time: Apr 10 17:52 CEST
"Test_pcg_dim_200" time elapsed: 00:00:00
----------------------------------------------------------

End testing: Apr 10 17:52 CEST
